This is pdfTeX, Version 3.1415926-2.5-1.40.14 (MiKTeX 2.9) (preloaded format=pdflatex 2017.4.23)  25 SEP 2017 10:59
entering extended mode
**draft_14Sep2016.tex
(F:\APS2_4Sep\draft_14Sep2016.tex
LaTeX2e <2014/05/01>
Babel <3.9k> and hyphenation patterns for 68 languages loaded.
(F:\APS2_4Sep\Classes/CUEDthesisPSnPDF.cls

LaTeX Warning: You have requested document class `Classes/CUEDthesisPSnPDF',
               but the document class provides `CUEDthesisPSnPDF'.

Document Class: CUEDthesisPSnPDF 2010/07/14 v1.1 CUED thesis class
("C:\Program Files (x86)\MiKTeX 2.9\tex\latex\base\book.cls"
Document Class: book 2007/10/19 v1.4h Standard LaTeX document class
("C:\Program Files (x86)\MiKTeX 2.9\tex\latex\base\bk11.clo"
File: bk11.clo 2007/10/19 v1.4h Standard LaTeX file (size option)
)
\c@part=\count79
\c@chapter=\count80
\c@section=\count81
\c@subsection=\count82
\c@subsubsection=\count83
\c@paragraph=\count84
\c@subparagraph=\count85
\c@figure=\count86
\c@table=\count87
\abovecaptionskip=\skip41
\belowcaptionskip=\skip42
\bibindent=\dimen102
)
("C:\Program Files (x86)\MiKTeX 2.9\tex\latex\amsfonts\amssymb.sty"
Package: amssymb 2013/01/14 v3.01 AMS font symbols

("C:\Program Files (x86)\MiKTeX 2.9\tex\latex\amsfonts\amsfonts.sty"
Package: amsfonts 2013/01/14 v3.01 Basic AMSFonts support
\@emptytoks=\toks14
\symAMSa=\mathgroup4
\symAMSb=\mathgroup5
LaTeX Font Info:    Overwriting math alphabet `\mathfrak' in version `bold'
(Font)                  U/euf/m/n --> U/euf/b/n on input line 106.
))
("C:\Program Files (x86)\MiKTeX 2.9\tex\latex\amsmath\amsmath.sty"
Package: amsmath 2013/01/14 v2.14 AMS math features
\@mathmargin=\skip43

For additional information on amsmath, use the `?' option.
("C:\Program Files (x86)\MiKTeX 2.9\tex\latex\amsmath\amstext.sty"
Package: amstext 2000/06/29 v2.01

("C:\Program Files (x86)\MiKTeX 2.9\tex\latex\amsmath\amsgen.sty"
File: amsgen.sty 1999/11/30 v2.0
\@emptytoks=\toks15
\ex@=\dimen103
))
("C:\Program Files (x86)\MiKTeX 2.9\tex\latex\amsmath\amsbsy.sty"
Package: amsbsy 1999/11/29 v1.2d
\pmbraise@=\dimen104
)
("C:\Program Files (x86)\MiKTeX 2.9\tex\latex\amsmath\amsopn.sty"
Package: amsopn 1999/12/14 v2.01 operator names
)
\inf@bad=\count88
LaTeX Info: Redefining \frac on input line 210.
\uproot@=\count89
\leftroot@=\count90
LaTeX Info: Redefining \overline on input line 306.
\classnum@=\count91
\DOTSCASE@=\count92
LaTeX Info: Redefining \ldots on input line 378.
LaTeX Info: Redefining \dots on input line 381.
LaTeX Info: Redefining \cdots on input line 466.
\Mathstrutbox@=\box26
\strutbox@=\box27
\big@size=\dimen105
LaTeX Font Info:    Redeclaring font encoding OML on input line 566.
LaTeX Font Info:    Redeclaring font encoding OMS on input line 567.
\macc@depth=\count93
\c@MaxMatrixCols=\count94
\dotsspace@=\muskip10
\c@parentequation=\count95
\dspbrk@lvl=\count96
\tag@help=\toks16
\row@=\count97
\column@=\count98
\maxfields@=\count99
\andhelp@=\toks17
\eqnshift@=\dimen106
\alignsep@=\dimen107
\tagshift@=\dimen108
\tagwidth@=\dimen109
\totwidth@=\dimen110
\lineht@=\dimen111
\@envbody=\toks18
\multlinegap=\skip44
\multlinetaggap=\skip45
\mathdisplay@stack=\toks19
LaTeX Info: Redefining \[ on input line 2665.
LaTeX Info: Redefining \] on input line 2666.
)
("C:\Program Files (x86)\MiKTeX 2.9\tex\latex\jknappen\mathrsfs.sty"
Package: mathrsfs 1996/01/01 Math RSFS package v1.0 (jk)
\symrsfs=\mathgroup6
)
("C:\Program Files (x86)\MiKTeX 2.9\tex\latex\braket\braket.sty")
("C:\Program Files (x86)\MiKTeX 2.9\tex\latex\setspace\setspace.sty"
Package: setspace 2011/12/19 v6.7a set line spacing
)
("C:\Program Files (x86)\MiKTeX 2.9\tex\latex\tocbibind\tocbibind.sty"
Package: tocbibind 2010/10/13 v1.5k extra ToC listings
Package tocbibind Info: The document has chapter divisions on input line 50.


Package tocbibind Note: Using chapter style headings, unless overridden.

) ("C:\Program Files (x86)\MiKTeX 2.9\tex\latex\fancyhdr\fancyhdr.sty"
Package: fancyhdr 2017/06/30 v3.9a Extensive control of page headers and footer
s
\f@nch@headwidth=\skip46
\f@nch@O@elh=\skip47
\f@nch@O@erh=\skip48
\f@nch@O@olh=\skip49
\f@nch@O@orh=\skip50
\f@nch@O@elf=\skip51
\f@nch@O@erf=\skip52
\f@nch@O@olf=\skip53
\f@nch@O@orf=\skip54
)
("C:\Program Files (x86)\MiKTeX 2.9\tex\latex\amsfonts\eucal.sty"
Package: eucal 2009/06/22 v3.00 Euler Script fonts
LaTeX Font Info:    Overwriting math alphabet `\EuScript' in version `bold'
(Font)                  U/eus/m/n --> U/eus/b/n on input line 33.
)
("C:\Program Files (x86)\MiKTeX 2.9\tex\latex\babel\babel.sty"
Package: babel 2014/03/24 3.9k The Babel package

*************************************
* Local config file bblopts.cfg used
*
("C:\Program Files (x86)\MiKTeX 2.9\tex\latex\00miktex\bblopts.cfg"
File: bblopts.cfg 2006/07/31 v1.0 MiKTeX 'babel' configuration
)
("C:\Program Files (x86)\MiKTeX 2.9\tex\latex\babel-english\english.ldf"
Language: english 2017/06/06 v3.3r English support from the babel system

("C:\Program Files (x86)\MiKTeX 2.9\tex\latex\babel\babel.def"
File: babel.def 2014/03/24 3.9k Babel common definitions
\babel@savecnt=\count100
\U@D=\dimen112
)
\l@canadian = a dialect from \language\l@american 
\l@australian = a dialect from \language\l@british 
\l@newzealand = a dialect from \language\l@british 
))
("C:\Program Files (x86)\MiKTeX 2.9\tex\latex\graphics\color.sty"
Package: color 2014/04/23 v1.1a Standard LaTeX Color (DPC)

("C:\Program Files (x86)\MiKTeX 2.9\tex\latex\00miktex\color.cfg"
File: color.cfg 2007/01/18 v1.5 color configuration of teTeX/TeXLive
)
Package color Info: Driver file: pdftex.def on input line 137.

("C:\Program Files (x86)\MiKTeX 2.9\tex\latex\pdftex-def\pdftex.def"
File: pdftex.def 2011/05/27 v0.06d Graphics/color for pdfTeX

("C:\Program Files (x86)\MiKTeX 2.9\tex\generic\oberdiek\infwarerr.sty"
Package: infwarerr 2010/04/08 v1.3 Providing info/warning/error messages (HO)
)
("C:\Program Files (x86)\MiKTeX 2.9\tex\generic\oberdiek\ltxcmds.sty"
Package: ltxcmds 2011/11/09 v1.22 LaTeX kernel commands for general use (HO)
)
\Gread@gobject=\count101
)
("C:\Program Files (x86)\MiKTeX 2.9\tex\latex\graphics\dvipsnam.def"
File: dvipsnam.def 2014/04/23 v3.0j Driver-dependant file (DPC,SPQR)
))
("C:\Program Files (x86)\MiKTeX 2.9\tex\latex\footmisc\footmisc.sty"
Package: footmisc 2011/06/06 v5.5b a miscellany of footnote facilities
\FN@temptoken=\toks20
\footnotemargin=\dimen113
\c@pp@next@reset=\count102
\c@@fnserial=\count103
Package footmisc Info: Declaring symbol style bringhurst on input line 855.
Package footmisc Info: Declaring symbol style chicago on input line 863.
Package footmisc Info: Declaring symbol style wiley on input line 872.
Package footmisc Info: Declaring symbol style lamport-robust on input line 883.

Package footmisc Info: Declaring symbol style lamport* on input line 903.
Package footmisc Info: Declaring symbol style lamport*-robust on input line 924
.
)
("C:\Program Files (x86)\MiKTeX 2.9\tex\latex\natbib\natbib.sty"
Package: natbib 2010/09/13 8.31b (PWD, AO)
\bibhang=\skip55
\bibsep=\skip56
LaTeX Info: Redefining \cite on input line 694.
\c@NAT@ctr=\count104
)
("C:\Program Files (x86)\MiKTeX 2.9\tex\latex\base\ifthen.sty"
Package: ifthen 2001/05/26 v1.1c Standard LaTeX ifthen package (DPC)
)
("C:\Program Files (x86)\MiKTeX 2.9\tex\generic\oberdiek\ifpdf.sty"
Package: ifpdf 2011/01/30 v2.3 Provides the ifpdf switch (HO)
Package ifpdf Info: pdfTeX in PDF mode is detected.
)
("C:\Program Files (x86)\MiKTeX 2.9\tex\latex\nomencl\nomencl.sty"
Package: nomencl 2005/09/22 v4.2 Nomenclature package (LN)
\nomlabelwidth=\dimen114
\nom@tempdim=\dimen115
\nomitemsep=\skip57
)
\@nomenclaturefile=\write3

Writing nomenclature file draft_14Sep2016.nlo
("C:\Program Files (x86)\MiKTeX 2.9\tex\latex\hyperref\hyperref.sty"
Package: hyperref 2012/11/06 v6.83m Hypertext links for LaTeX

("C:\Program Files (x86)\MiKTeX 2.9\tex\generic\oberdiek\hobsub-hyperref.sty"
Package: hobsub-hyperref 2012/04/25 v1.12 Bundle oberdiek, subset hyperref (HO)


("C:\Program Files (x86)\MiKTeX 2.9\tex\generic\oberdiek\hobsub-generic.sty"
Package: hobsub-generic 2012/04/25 v1.12 Bundle oberdiek, subset generic (HO)
Package: hobsub 2012/04/25 v1.12 Construct package bundles (HO)
Package hobsub Info: Skipping package `infwarerr' (already loaded).
Package hobsub Info: Skipping package `ltxcmds' (already loaded).
Package: ifluatex 2010/03/01 v1.3 Provides the ifluatex switch (HO)
Package ifluatex Info: LuaTeX not detected.
Package: ifvtex 2010/03/01 v1.5 Detect VTeX and its facilities (HO)
Package ifvtex Info: VTeX not detected.
Package: intcalc 2007/09/27 v1.1 Expandable calculations with integers (HO)
Package hobsub Info: Skipping package `ifpdf' (already loaded).
Package: etexcmds 2011/02/16 v1.5 Avoid name clashes with e-TeX commands (HO)
Package etexcmds Info: Could not find \expanded.
(etexcmds)             That can mean that you are not using pdfTeX 1.50 or
(etexcmds)             that some package has redefined \expanded.
(etexcmds)             In the latter case, load this package earlier.
Package: kvsetkeys 2012/04/25 v1.16 Key value parser (HO)
Package: kvdefinekeys 2011/04/07 v1.3 Define keys (HO)
Package: pdftexcmds 2011/11/29 v0.20 Utility functions of pdfTeX for LuaTeX (HO
)
Package pdftexcmds Info: LuaTeX not detected.
Package pdftexcmds Info: \pdf@primitive is available.
Package pdftexcmds Info: \pdf@ifprimitive is available.
Package pdftexcmds Info: \pdfdraftmode found.
Package: pdfescape 2011/11/25 v1.13 Implements pdfTeX's escape features (HO)
Package: bigintcalc 2012/04/08 v1.3 Expandable calculations on big integers (HO
)
Package: bitset 2011/01/30 v1.1 Handle bit-vector datatype (HO)
Package: uniquecounter 2011/01/30 v1.2 Provide unlimited unique counter (HO)
)
Package hobsub Info: Skipping package `hobsub' (already loaded).
Package: letltxmacro 2010/09/02 v1.4 Let assignment for LaTeX macros (HO)
Package: hopatch 2011/06/24 v1.1 Wrapper for package hooks (HO)
Package: xcolor-patch 2011/01/30 xcolor patch
Package: atveryend 2011/06/30 v1.8 Hooks at the very end of document (HO)
Package atveryend Info: \enddocument detected (standard20110627).
Package: atbegshi 2011/10/05 v1.16 At begin shipout hook (HO)
Package: refcount 2011/10/16 v3.4 Data extraction from label references (HO)
Package: hycolor 2011/01/30 v1.7 Color options for hyperref/bookmark (HO)
)
("C:\Program Files (x86)\MiKTeX 2.9\tex\latex\graphics\keyval.sty"
Package: keyval 2014/05/08 v1.15 key=value parser (DPC)
\KV@toks@=\toks21
)
("C:\Program Files (x86)\MiKTeX 2.9\tex\generic\ifxetex\ifxetex.sty"
Package: ifxetex 2010/09/12 v0.6 Provides ifxetex conditional
)
("C:\Program Files (x86)\MiKTeX 2.9\tex\latex\oberdiek\auxhook.sty"
Package: auxhook 2011/03/04 v1.3 Hooks for auxiliary files (HO)
)
("C:\Program Files (x86)\MiKTeX 2.9\tex\latex\oberdiek\kvoptions.sty"
Package: kvoptions 2011/06/30 v3.11 Key value format for package options (HO)
)
\@linkdim=\dimen116
\Hy@linkcounter=\count105
\Hy@pagecounter=\count106

("C:\Program Files (x86)\MiKTeX 2.9\tex\latex\hyperref\pd1enc.def"
File: pd1enc.def 2012/11/06 v6.83m Hyperref: PDFDocEncoding definition (HO)
)
\Hy@SavedSpaceFactor=\count107

("C:\Program Files (x86)\MiKTeX 2.9\tex\latex\00miktex\hyperref.cfg"
File: hyperref.cfg 2002/06/06 v1.2 hyperref configuration of TeXLive
)
Package hyperref Info: Option `plainpages' set `false' on input line 4319.
Package hyperref Info: Option `pdfpagelabels' set `true' on input line 4319.
Package hyperref Info: Option `bookmarks' set `true' on input line 4319.
Package hyperref Info: Option `bookmarksopen' set `true' on input line 4319.
Package hyperref Info: Option `bookmarksnumbered' set `true' on input line 4319
.
Package hyperref Info: Option `breaklinks' set `true' on input line 4319.
Package hyperref Info: Option `linktocpage' set `true' on input line 4319.
Package hyperref Info: Option `colorlinks' set `true' on input line 4319.
Package hyperref Info: Option `hyperindex' set `true' on input line 4319.
Package hyperref Info: Option `hyperfigures' set `true' on input line 4319.
Package hyperref Info: Hyper figures ON on input line 4441.
Package hyperref Info: Link nesting OFF on input line 4448.
Package hyperref Info: Hyper index ON on input line 4451.
Package hyperref Info: Plain pages OFF on input line 4458.
Package hyperref Info: Backreferencing ON on input line 4461.
Package hyperref Info: Implicit mode ON; LaTeX internals redefined.
Package hyperref Info: Bookmarks ON on input line 4688.

("C:\Program Files (x86)\MiKTeX 2.9\tex\latex\hyperref\backref.sty"
Package: backref 2012/07/25 v1.38 Bibliographical back referencing

("C:\Program Files (x86)\MiKTeX 2.9\tex\latex\oberdiek\rerunfilecheck.sty"
Package: rerunfilecheck 2011/04/15 v1.7 Rerun checks for auxiliary files (HO)
Package uniquecounter Info: New unique counter `rerunfilecheck' on input line 2
82.
))
\c@Hy@tempcnt=\count108

("C:\Program Files (x86)\MiKTeX 2.9\tex\latex\url\url.sty"
\Urlmuskip=\muskip11
Package: url 2013/09/16  ver 3.4  Verb mode for urls, etc.
)
LaTeX Info: Redefining \url on input line 5041.
\XeTeXLinkMargin=\dimen117
\Fld@menulength=\count109
\Field@Width=\dimen118
\Fld@charsize=\dimen119
Package hyperref Info: Hyper figures ON on input line 6293.
Package hyperref Info: Link nesting OFF on input line 6300.
Package hyperref Info: Hyper index ON on input line 6303.
Package hyperref Info: backreferencing ON on input line 6308.
Package hyperref Info: Link coloring ON on input line 6313.
Package hyperref Info: Link coloring with OCG OFF on input line 6320.
Package hyperref Info: PDF/A mode OFF on input line 6325.
LaTeX Info: Redefining \ref on input line 6365.
LaTeX Info: Redefining \pageref on input line 6369.
\Hy@abspage=\count110
\c@Item=\count111
\c@Hfootnote=\count112
)

Package hyperref Message: Driver: hpdftex.

("C:\Program Files (x86)\MiKTeX 2.9\tex\latex\hyperref\hpdftex.def"
File: hpdftex.def 2012/11/06 v6.83m Hyperref driver for pdfTeX
\Fld@listcount=\count113
\c@bookmark@seq@number=\count114
\Hy@SectionHShift=\skip58
)
("C:\Program Files (x86)\MiKTeX 2.9\tex\latex\graphics\graphicx.sty"
Package: graphicx 2014/04/25 v1.0g Enhanced LaTeX Graphics (DPC,SPQR)

("C:\Program Files (x86)\MiKTeX 2.9\tex\latex\graphics\graphics.sty"
Package: graphics 2009/02/05 v1.0o Standard LaTeX Graphics (DPC,SPQR)

("C:\Program Files (x86)\MiKTeX 2.9\tex\latex\graphics\trig.sty"
Package: trig 1999/03/16 v1.09 sin cos tan (DPC)
)
("C:\Program Files (x86)\MiKTeX 2.9\tex\latex\00miktex\graphics.cfg"
File: graphics.cfg 2007/01/18 v1.5 graphics configuration of teTeX/TeXLive
)
Package graphics Info: Driver file: pdftex.def on input line 91.
)
\Gin@req@height=\dimen120
\Gin@req@width=\dimen121
)

Package Fancyhdr Warning: \fancyhead's `E' option without twoside option is use
less on input line 174.

) (F:\APS2_4Sep\watermark.sty
Package: watermark 2004/12/09 v1.1 Watermarks (NCC)
)
("C:\Program Files (x86)\MiKTeX 2.9\tex\latex\amscls\amsthm.sty"
Package: amsthm 2009/07/02 v2.20.1
\thm@style=\toks22
\thm@bodyfont=\toks23
\thm@headfont=\toks24
\thm@notefont=\toks25
\thm@headpunct=\toks26
\thm@preskip=\skip59
\thm@postskip=\skip60
\thm@headsep=\skip61
\dth@everypar=\toks27
)
("C:\Program Files (x86)\MiKTeX 2.9\tex\latex\graphics\epsfig.sty"
Package: epsfig 1999/02/16 v1.7a (e)psfig emulation (SPQR)
\epsfxsize=\dimen122
\epsfysize=\dimen123
)
("C:\Program Files (x86)\MiKTeX 2.9\tex\latex\oberdiek\epstopdf.sty"
Package: epstopdf 2010/02/09 v2.5 Conversion with epstopdf on the fly (HO)

("C:\Program Files (x86)\MiKTeX 2.9\tex\latex\oberdiek\epstopdf-base.sty"
Package: epstopdf-base 2010/02/09 v2.5 Base part for package epstopdf

("C:\Program Files (x86)\MiKTeX 2.9\tex\latex\oberdiek\grfext.sty"
Package: grfext 2010/08/19 v1.1 Manage graphics extensions (HO)
)
Package grfext Info: Graphics extension search list:
(grfext)             [.png,.jpg,.pdf,.eps]
(grfext)             \AppendGraphicsExtensions on input line 452.
))
("C:\Program Files (x86)\MiKTeX 2.9\tex\latex\mhchem\mhchem.sty"
Package: mhchem 2017/07/24 v4.07 for typesetting chemical formulae

("C:\Program Files (x86)\MiKTeX 2.9\tex\latex\l3kernel\expl3.sty"
Package: expl3 2017/07/19 L3 programming layer (loader) 

("C:\Program Files (x86)\MiKTeX 2.9\tex\latex\l3kernel\expl3-code.tex"
Package: expl3 2017/07/19 L3 programming layer (code)

("C:\Program Files (x86)\MiKTeX 2.9\tex\latex\misc\etex.sty"
Package: etex 1998/03/26 v2.0 eTeX basic definition package (PEB)
\et@xins=\count115
)
\c_max_int=\count116
\l_tmpa_int=\count117
\l_tmpb_int=\count118
\g_tmpa_int=\count119
\g_tmpb_int=\count120
\g__intarray_font_int=\count121
\g__prg_map_int=\count122
\c_log_iow=\count123
\l_iow_line_count_int=\count124
\l__iow_line_target_int=\count125
\l__iow_one_indent_int=\count126
\l__iow_indent_int=\count127
\c_zero_dim=\dimen124
\c_max_dim=\dimen125
\l_tmpa_dim=\dimen126
\l_tmpb_dim=\dimen127
\g_tmpa_dim=\dimen128
\g_tmpb_dim=\dimen129
\c_zero_skip=\skip62
\c_max_skip=\skip63
\l_tmpa_skip=\skip64
\l_tmpb_skip=\skip65
\g_tmpa_skip=\skip66
\g_tmpb_skip=\skip67
\c_zero_muskip=\muskip12
\c_max_muskip=\muskip13
\l_tmpa_muskip=\muskip14
\l_tmpb_muskip=\muskip15
\g_tmpa_muskip=\muskip16
\g_tmpb_muskip=\muskip17
\l_keys_choice_int=\count128
\c__fp_leading_shift_int=\count129
\c__fp_middle_shift_int=\count130
\c__fp_trailing_shift_int=\count131
\c__fp_big_leading_shift_int=\count132
\c__fp_big_middle_shift_int=\count133
\c__fp_big_trailing_shift_int=\count134
\c__fp_Bigg_leading_shift_int=\count135
\c__fp_Bigg_middle_shift_int=\count136
\c__fp_Bigg_trailing_shift_int=\count137
\c__fp_rand_size_int=\count138
\c__fp_rand_four_int=\count139
\c__fp_rand_eight_int=\count140
\l__sort_length_int=\count141
\l__sort_min_int=\count142
\l__sort_top_int=\count143
\l__sort_max_int=\count144
\l__sort_true_max_int=\count145
\l__sort_block_int=\count146
\l__sort_begin_int=\count147
\l__sort_end_int=\count148
\l__sort_A_int=\count149
\l__sort_B_int=\count150
\l__sort_C_int=\count151
\l__tl_build_start_index_int=\count152
\l__tl_build_index_int=\count153
\l__tl_analysis_normal_int=\count154
\l__tl_analysis_index_int=\count155
\l__tl_analysis_nesting_int=\count156
\l__tl_analysis_type_int=\count157
\l__regex_internal_a_int=\count158
\l__regex_internal_b_int=\count159
\l__regex_internal_c_int=\count160
\l__regex_balance_int=\count161
\l__regex_group_level_int=\count162
\l__regex_mode_int=\count163
\c__regex_cs_in_class_mode_int=\count164
\c__regex_cs_mode_int=\count165
\l__regex_catcodes_int=\count166
\l__regex_default_catcodes_int=\count167
\c__regex_catcode_D_int=\count168
\c__regex_catcode_S_int=\count169
\c__regex_catcode_L_int=\count170
\c__regex_catcode_O_int=\count171
\c__regex_catcode_A_int=\count172
\c__regex_all_catcodes_int=\count173
\l__regex_show_lines_int=\count174
\l__regex_min_state_int=\count175
\l__regex_max_state_int=\count176
\l__regex_left_state_int=\count177
\l__regex_right_state_int=\count178
\l__regex_capturing_group_int=\count179
\l__regex_min_pos_int=\count180
\l__regex_max_pos_int=\count181
\l__regex_curr_pos_int=\count182
\l__regex_start_pos_int=\count183
\l__regex_success_pos_int=\count184
\l__regex_curr_char_int=\count185
\l__regex_curr_catcode_int=\count186
\l__regex_last_char_int=\count187
\l__regex_case_changed_char_int=\count188
\l__regex_curr_state_int=\count189
\l__regex_step_int=\count190
\l__regex_min_active_int=\count191
\l__regex_max_active_int=\count192
\l__regex_replacement_csnames_int=\count193
\l__regex_match_count_int=\count194
\l__regex_min_submatch_int=\count195
\l__regex_submatch_int=\count196
\l__regex_zeroth_submatch_int=\count197
\g__debug_trace_regex_int=\count198
\c_empty_box=\box28
\l_tmpa_box=\box29
\l_tmpb_box=\box30
\g_tmpa_box=\box31
\g_tmpb_box=\box32
\l__box_top_dim=\dimen130
\l__box_bottom_dim=\dimen131
\l__box_left_dim=\dimen132
\l__box_right_dim=\dimen133
\l__box_top_new_dim=\dimen134
\l__box_bottom_new_dim=\dimen135
\l__box_left_new_dim=\dimen136
\l__box_right_new_dim=\dimen137
\l__box_internal_box=\box33
\l__coffin_internal_box=\box34
\l__coffin_internal_dim=\dimen138
\l__coffin_offset_x_dim=\dimen139
\l__coffin_offset_y_dim=\dimen140
\l__coffin_x_dim=\dimen141
\l__coffin_y_dim=\dimen142
\l__coffin_x_prime_dim=\dimen143
\l__coffin_y_prime_dim=\dimen144
\c_empty_coffin=\box35
\l__coffin_aligned_coffin=\box36
\l__coffin_aligned_internal_coffin=\box37
\l_tmpa_coffin=\box38
\l_tmpb_coffin=\box39
\l__coffin_display_coffin=\box40
\l__coffin_display_coord_coffin=\box41
\l__coffin_display_pole_coffin=\box42
\l__coffin_display_offset_dim=\dimen145
\l__coffin_display_x_dim=\dimen146
\l__coffin_display_y_dim=\dimen147
\l__coffin_bounding_shift_dim=\dimen148
\l__coffin_left_corner_dim=\dimen149
\l__coffin_right_corner_dim=\dimen150
\l__coffin_bottom_corner_dim=\dimen151
\l__coffin_top_corner_dim=\dimen152
\l__coffin_scaled_total_height_dim=\dimen153
\l__coffin_scaled_width_dim=\dimen154
)
("C:\Program Files (x86)\MiKTeX 2.9\tex\latex\l3kernel\l3pdfmode.def"
File: l3pdfmode.def 2017/03/18 v L3 Experimental driver: PDF mode
\l__driver_color_stack_int=\count199
\l__driver_tmp_box=\box43
))
("C:\Program Files (x86)\MiKTeX 2.9\tex\latex\l3packages\l3keys2e\l3keys2e.sty"
Package: l3keys2e 2017/07/19 LaTeX2e option processing using LaTeX3 keys
) ("C:\Program Files (x86)\MiKTeX 2.9\tex\latex\tools\calc.sty"
Package: calc 2007/08/22 v4.3 Infix arithmetic (KKT,FJ)
\calc@Acount=\count200
\calc@Bcount=\count201
\calc@Adimen=\dimen155
\calc@Bdimen=\dimen156
\calc@Askip=\skip68
\calc@Bskip=\skip69
LaTeX Info: Redefining \setlength on input line 75.
LaTeX Info: Redefining \addtolength on input line 76.
Normal \count register pool exhausted, switching to extended pool.
\calc@Ccount=\count277
\calc@Cskip=\skip70
)
(F:\APS2_4Sep\chemgreek.sty
("C:\Program Files (x86)\MiKTeX 2.9\tex\latex\l3packages\xparse\xparse.sty"
Package: xparse 2017/07/19 L3 Experimental document command parser
\l__xparse_current_arg_int=\count278
\g__xparse_grabber_int=\count279
\l__xparse_m_args_int=\count280
\l__xparse_mandatory_args_int=\count281
\l__xparse_v_nesting_int=\count282
)
Package: chemgreek 2016/12/20 v1.1 interfaceforuprightgreeklettersforuseinchemi
stry (CN)
\l__chemgreek_tmpa_int=\count283
\g__chemgreek_tmpa_int=\count284
.................................................
. LaTeX info: "xparse/define-command"
. 
. Defining command \newchemgreekmapping with sig. 'O{}mm' on line 336.
.................................................
.................................................
. LaTeX info: "xparse/define-command"
. 
. Defining command \renewchemgreekmapping with sig. 'O{}mm' on line 339.
.................................................
.................................................
. LaTeX info: "xparse/define-command"
. 
. Defining command \declarechemgreekmapping with sig. 'O{}mm' on line 342.
.................................................
.................................................
. LaTeX info: "xparse/define-command"
. 
. Defining command \newchemgreekmappingalias with sig. 'mm' on line 347.
.................................................
.................................................
. LaTeX info: "xparse/define-command"
. 
. Defining command \renewchemgreekmappingalias with sig. 'mm' on line 350.
.................................................
.................................................
. LaTeX info: "xparse/define-command"
. 
. Defining command \declarechemgreekmappingalias with sig. 'mm' on line 353.
.................................................
.................................................
. LaTeX info: "xparse/define-command"
. 
. Defining command \changechemgreeksymbol with sig. 'mmmm' on line 383.
.................................................
.................................................
. LaTeX info: "xparse/define-command"
. 
. Defining command \chemgreekmappingsymbol with sig. 'mm' on line 477.
.................................................
.................................................
. LaTeX info: "xparse/define-command"
. 
. Defining command \activatechemgreekmapping with sig. 'sm' on line 486.
.................................................
.................................................
. LaTeX info: "xparse/define-command"
. 
. Defining command \selectchemgreekmapping with sig. 'm' on line 491.
.................................................
)
\l__mhchem_ce_distanceFromLastComma_int=\count285
\__mhchem_arrow_extPgfLength_skip=\skip71
\mhchem@minispace@tmp=\skip72
\mhchem@minibackspace@tmp=\skip73
\mhchem@bondwidth=\skip74
\mhchem@bondheight=\skip75
\mhchem@smallbondwidth@tmpA=\skip76
\mhchem@smallbondwidth@tmpB=\skip77
\mhchem@smallbondwidth=\skip78
\mhchem@bondtmp@minussidebearingleft=\skip79
\mhchem@bondtmp@minussidebearingright=\skip80
\l__mhchem_option_version_int=\count286
\mhchem@option@minusmathsidebearingleft=\dimen157
\mhchem@option@minusmathsidebearingright=\dimen158
\mhchem@option@minustextsidebearingleft=\dimen159
\mhchem@option@minustextsidebearingright=\dimen160
)
("C:\Program Files (x86)\MiKTeX 2.9\tex\latex\xcolor\xcolor.sty"
Package: xcolor 2016/05/11 v2.12 LaTeX color extensions (UK)

("C:\Program Files (x86)\MiKTeX 2.9\tex\latex\00miktex\color.cfg"
File: color.cfg 2007/01/18 v1.5 color configuration of teTeX/TeXLive
)
Package xcolor Info: Driver file: pdftex.def on input line 225.
LaTeX Info: Redefining \color on input line 709.
Package xcolor Info: Model `cmy' substituted by `cmy0' on input line 1348.
Package xcolor Info: Model `hsb' substituted by `rgb' on input line 1352.
Package xcolor Info: Model `RGB' extended on input line 1364.
Package xcolor Info: Model `HTML' substituted by `rgb' on input line 1366.
Package xcolor Info: Model `Hsb' substituted by `hsb' on input line 1367.
Package xcolor Info: Model `tHsb' substituted by `hsb' on input line 1368.
Package xcolor Info: Model `HSB' substituted by `hsb' on input line 1369.
Package xcolor Info: Model `Gray' substituted by `gray' on input line 1370.
Package xcolor Info: Model `wave' substituted by `hsb' on input line 1371.
)
("C:\Program Files (x86)\MiKTeX 2.9\tex\latex\caption\caption.sty"
Package: caption 2016/02/21 v3.3-144 Customizing captions (AR)

("C:\Program Files (x86)\MiKTeX 2.9\tex\latex\caption\caption3.sty"
Package: caption3 2016/05/22 v1.7-166 caption3 kernel (AR)
Package caption3 Info: TeX engine: e-TeX on input line 67.
\captionmargin=\dimen161
\captionmargin@=\dimen162
\captionwidth=\dimen163
\caption@tempdima=\dimen164
\caption@indent=\dimen165
\caption@parindent=\dimen166
\caption@hangindent=\dimen167
)
\c@ContinuedFloat=\count287
Package caption Info: hyperref package is loaded.
)
("C:\Program Files (x86)\MiKTeX 2.9\tex\latex\booktabs\booktabs.sty"
Package: booktabs 2005/04/14 v1.61803 publication quality tables
\heavyrulewidth=\dimen168
\lightrulewidth=\dimen169
\cmidrulewidth=\dimen170
\belowrulesep=\dimen171
\belowbottomsep=\dimen172
\aboverulesep=\dimen173
\abovetopsep=\dimen174
\cmidrulesep=\dimen175
\cmidrulekern=\dimen176
\defaultaddspace=\dimen177
\@cmidla=\count288
\@cmidlb=\count289
\@aboverulesep=\dimen178
\@belowrulesep=\dimen179
\@thisruleclass=\count290
\@lastruleclass=\count291
\@thisrulewidth=\dimen180
)
("C:\Program Files (x86)\MiKTeX 2.9\tex\latex\etoolbox\etoolbox.sty"
Package: etoolbox 2017/01/02 v2.4 e-TeX tools for LaTeX (JAW)
\etb@tempcnta=\count292
)
("C:\Program Files (x86)\MiKTeX 2.9\tex\latex\cases\cases.sty"
Package: cases 2002/05/02 ver 2.5 
)
("C:\Program Files (x86)\MiKTeX 2.9\tex\latex\tools\longtable.sty"
Package: longtable 2004/02/01 v4.11 Multi-page Table package (DPC)
\LTleft=\skip81
\LTright=\skip82
\LTpre=\skip83
\LTpost=\skip84
\LTchunksize=\count293
\LTcapwidth=\dimen181
\LT@head=\box44
\LT@firsthead=\box45
\LT@foot=\box46
\LT@lastfoot=\box47
\LT@cols=\count294
\LT@rows=\count295
\c@LT@tables=\count296
\c@LT@chunks=\count297
\LT@p@ftn=\toks28
)
("C:\Program Files (x86)\MiKTeX 2.9\tex\latex\tools\enumerate.sty"
Package: enumerate 1999/03/05 v3.00 enumerate extensions (DPC)
\@enLab=\toks29
)
("C:\Program Files (x86)\MiKTeX 2.9\tex\latex\enumitem\enumitem.sty"
Package: enumitem 2011/09/28 v3.5.2 Customized lists
\labelindent=\skip85
\enit@outerparindent=\dimen182
\enit@toks=\toks30
\enit@inbox=\box48
\enitdp@description=\count298
)
("C:\Program Files (x86)\MiKTeX 2.9\tex\latex\pdfpages\pdfpages.sty"
Package: pdfpages 2017/08/14 v0.5k Insert pages of external PDF documents (AM)

("C:\Program Files (x86)\MiKTeX 2.9\tex\latex\eso-pic\eso-pic.sty"
Package: eso-pic 2015/07/21 v2.0g eso-pic (RN)
)
\AM@pagewidth=\dimen183
\AM@pageheight=\dimen184

("C:\Program Files (x86)\MiKTeX 2.9\tex\latex\pdfpages\pppdftex.def"
File: pppdftex.def 2017/08/14 v0.5k Pdfpages driver for pdfTeX (AM)
)
\AM@pagebox=\box49
\AM@global@opts=\toks31
\AM@toc@title=\toks32
\c@AM@survey=\count299
\AM@templatesizebox=\box50
)
("C:\Program Files (x86)\MiKTeX 2.9\tex\latex\float\float.sty"
Package: float 2001/11/08 v1.3d Float enhancements (AL)
\c@float@type=\count300
\float@exts=\toks33
\float@box=\box51
\@float@everytoks=\toks34
\@floatcapt=\box52
)
("C:\Program Files (x86)\MiKTeX 2.9\tex\latex\algorithms\algorithm.sty"
Package: algorithm 2009/08/24 v0.1 Document Style `algorithm' - floating enviro
nment
\@float@every@algorithm=\toks35
\c@algorithm=\count301
)
("C:\Program Files (x86)\MiKTeX 2.9\tex\latex\algorithmicx\algpseudocode.sty"
Package: algpseudocode 

("C:\Program Files (x86)\MiKTeX 2.9\tex\latex\algorithmicx\algorithmicx.sty"
Package: algorithmicx 2005/04/27 v1.2 Algorithmicx

Document Style algorithmicx 1.2 - a greatly improved `algorithmic' style
\c@ALG@line=\count302
\c@ALG@rem=\count303
\c@ALG@nested=\count304
\ALG@tlm=\skip86
\ALG@thistlm=\skip87
\c@ALG@Lnr=\count305
\c@ALG@blocknr=\count306
\c@ALG@storecount=\count307
\c@ALG@tmpcounter=\count308
\ALG@tmplength=\skip88
)
Document Style - pseudocode environments for use with the `algorithmicx' style
) ("C:\Program Files (x86)\MiKTeX 2.9\tex\latex\caption\subcaption.sty"
Package: subcaption 2016/05/22 v1.1-161 Sub-captions (AR)
\c@subfigure=\count309
\c@subtable=\count310
)
\c@defn=\count311
\c@conj=\count312
\c@exmp=\count313
\c@theorem=\count314
\c@corollary=\count315

(F:\APS2_4Sep\draft_14Sep2016.aux
(F:\APS2_4Sep\Acknowledgement/acknowledgement.aux)
(F:\APS2_4Sep\Abstract/abstract.aux)
(F:\APS2_4Sep\Introduction/introduction.aux)
(F:\APS2_4Sep\Chapter1/chapter1.aux

LaTeX Warning: Label `table' multiply defined.


LaTeX Warning: Label `table' multiply defined.


LaTeX Warning: Label `table' multiply defined.


LaTeX Warning: Label `fig 1' multiply defined.


LaTeX Warning: Label `table' multiply defined.


LaTeX Warning: Label `fig 1' multiply defined.

) (F:\APS2_4Sep\Chapter2/chapter2.aux

LaTeX Warning: Label `table' multiply defined.


LaTeX Warning: Label `table' multiply defined.


LaTeX Warning: Label `fig 1' multiply defined.


LaTeX Warning: Label `table' multiply defined.


LaTeX Warning: Label `table' multiply defined.


LaTeX Warning: Label `table' multiply defined.


LaTeX Warning: Label `table' multiply defined.


LaTeX Warning: Label `table' multiply defined.


LaTeX Warning: Label `table' multiply defined.


LaTeX Warning: Label `table' multiply defined.


LaTeX Warning: Label `table' multiply defined.


LaTeX Warning: Label `table' multiply defined.


LaTeX Warning: Label `table' multiply defined.

) (F:\APS2_4Sep\Chapter3/chapter3.aux

LaTeX Warning: Label `table' multiply defined.


LaTeX Warning: Label `fig:1a' multiply defined.


LaTeX Warning: Label `sub@fig:1a' multiply defined.


LaTeX Warning: Label `fig:1b' multiply defined.


LaTeX Warning: Label `sub@fig:1b' multiply defined.


LaTeX Warning: Label `fig:1' multiply defined.


LaTeX Warning: Label `fig:1a' multiply defined.


LaTeX Warning: Label `sub@fig:1a' multiply defined.


LaTeX Warning: Label `fig:1b' multiply defined.


LaTeX Warning: Label `sub@fig:1b' multiply defined.


LaTeX Warning: Label `fig:1' multiply defined.


LaTeX Warning: Label `fig:1a' multiply defined.


LaTeX Warning: Label `sub@fig:1a' multiply defined.


LaTeX Warning: Label `fig:1b' multiply defined.


LaTeX Warning: Label `sub@fig:1b' multiply defined.


LaTeX Warning: Label `fig:1' multiply defined.


LaTeX Warning: Label `fig:1a' multiply defined.


LaTeX Warning: Label `sub@fig:1a' multiply defined.


LaTeX Warning: Label `fig:1b' multiply defined.


LaTeX Warning: Label `sub@fig:1b' multiply defined.


LaTeX Warning: Label `fig:1' multiply defined.


LaTeX Warning: Label `fig:1a' multiply defined.


LaTeX Warning: Label `sub@fig:1a' multiply defined.


LaTeX Warning: Label `fig:1b' multiply defined.


LaTeX Warning: Label `sub@fig:1b' multiply defined.


LaTeX Warning: Label `fig:1' multiply defined.


LaTeX Warning: Label `fig:1a' multiply defined.


LaTeX Warning: Label `sub@fig:1a' multiply defined.


LaTeX Warning: Label `fig:1b' multiply defined.


LaTeX Warning: Label `sub@fig:1b' multiply defined.


LaTeX Warning: Label `fig:1' multiply defined.


LaTeX Warning: Label `fig:1a' multiply defined.


LaTeX Warning: Label `sub@fig:1a' multiply defined.


LaTeX Warning: Label `fig:1b' multiply defined.


LaTeX Warning: Label `sub@fig:1b' multiply defined.


LaTeX Warning: Label `fig:1' multiply defined.


LaTeX Warning: Label `fig:1a' multiply defined.


LaTeX Warning: Label `sub@fig:1a' multiply defined.


LaTeX Warning: Label `fig:1b' multiply defined.


LaTeX Warning: Label `sub@fig:1b' multiply defined.


LaTeX Warning: Label `fig:1' multiply defined.


LaTeX Warning: Label `fig:1a' multiply defined.


LaTeX Warning: Label `sub@fig:1a' multiply defined.


LaTeX Warning: Label `fig:1b' multiply defined.


LaTeX Warning: Label `sub@fig:1b' multiply defined.


LaTeX Warning: Label `fig:1' multiply defined.


LaTeX Warning: Label `fig:1a' multiply defined.


LaTeX Warning: Label `sub@fig:1a' multiply defined.


LaTeX Warning: Label `fig:1b' multiply defined.


LaTeX Warning: Label `sub@fig:1b' multiply defined.


LaTeX Warning: Label `fig:1' multiply defined.


LaTeX Warning: Label `fig:1a' multiply defined.


LaTeX Warning: Label `sub@fig:1a' multiply defined.


LaTeX Warning: Label `fig:1b' multiply defined.


LaTeX Warning: Label `sub@fig:1b' multiply defined.


LaTeX Warning: Label `fig:1' multiply defined.


LaTeX Warning: Label `fig:1a' multiply defined.


LaTeX Warning: Label `sub@fig:1a' multiply defined.


LaTeX Warning: Label `fig:1b' multiply defined.


LaTeX Warning: Label `sub@fig:1b' multiply defined.


LaTeX Warning: Label `fig:1' multiply defined.


LaTeX Warning: Label `fig:1a' multiply defined.


LaTeX Warning: Label `sub@fig:1a' multiply defined.


LaTeX Warning: Label `fig:1b' multiply defined.


LaTeX Warning: Label `sub@fig:1b' multiply defined.


LaTeX Warning: Label `fig:1' multiply defined.


LaTeX Warning: Label `fig:1a' multiply defined.


LaTeX Warning: Label `sub@fig:1a' multiply defined.


LaTeX Warning: Label `fig:1b' multiply defined.


LaTeX Warning: Label `sub@fig:1b' multiply defined.


LaTeX Warning: Label `fig:1' multiply defined.


LaTeX Warning: Label `fig 1' multiply defined.


LaTeX Warning: Label `table' multiply defined.

) (F:\APS2_4Sep\Chapter4/chapter4.aux

LaTeX Warning: Label `fig 1' multiply defined.


LaTeX Warning: Label `table' multiply defined.


LaTeX Warning: Label `table' multiply defined.


LaTeX Warning: Label `table' multiply defined.


LaTeX Warning: Label `table' multiply defined.


LaTeX Warning: Label `table' multiply defined.


LaTeX Warning: Label `table' multiply defined.


LaTeX Warning: Label `table' multiply defined.

) (F:\APS2_4Sep\Conclusions/conclusions.aux)
(F:\APS2_4Sep\Publication/publication.aux))
LaTeX Font Info:    Checking defaults for OML/cmm/m/it on input line 50.
LaTeX Font Info:    ... okay on input line 50.
LaTeX Font Info:    Checking defaults for T1/cmr/m/n on input line 50.
LaTeX Font Info:    ... okay on input line 50.
LaTeX Font Info:    Checking defaults for OT1/cmr/m/n on input line 50.
LaTeX Font Info:    ... okay on input line 50.
LaTeX Font Info:    Checking defaults for OMS/cmsy/m/n on input line 50.
LaTeX Font Info:    ... okay on input line 50.
LaTeX Font Info:    Checking defaults for OMX/cmex/m/n on input line 50.
LaTeX Font Info:    ... okay on input line 50.
LaTeX Font Info:    Checking defaults for U/cmr/m/n on input line 50.
LaTeX Font Info:    ... okay on input line 50.
LaTeX Font Info:    Checking defaults for PD1/pdf/m/n on input line 50.
LaTeX Font Info:    ... okay on input line 50.

("C:\Program Files (x86)\MiKTeX 2.9\tex\context\base\supp-pdf.mkii"
[Loading MPS to PDF converter (version 2006.09.02).]
\scratchcounter=\count316
\scratchdimen=\dimen185
\scratchbox=\box53
\nofMPsegments=\count317
\nofMParguments=\count318
\everyMPshowfont=\toks36
\MPscratchCnt=\count319
\MPscratchDim=\dimen186
\MPnumerator=\count320
\makeMPintoPDFobject=\count321
\everyMPtoPDFconversion=\toks37
)
\AtBeginShipoutBox=\box54
Package backref Info: ** backref set up for natbib ** on input line 50.
Package hyperref Info: Link coloring ON on input line 50.
 ("C:\Program Files (x86)\MiKTeX 2.9\tex\latex\hyperref\nameref.sty"
Package: nameref 2012/10/27 v2.43 Cross-referencing by name of section

("C:\Program Files (x86)\MiKTeX 2.9\tex\generic\oberdiek\gettitlestring.sty"
Package: gettitlestring 2010/12/03 v1.4 Cleanup title references (HO)
)
\c@section@level=\count322
)
LaTeX Info: Redefining \ref on input line 50.
LaTeX Info: Redefining \pageref on input line 50.
LaTeX Info: Redefining \nameref on input line 50.

(F:\APS2_4Sep\draft_14Sep2016.out) (F:\APS2_4Sep\draft_14Sep2016.out)
\@outlinefile=\write4
.................................................
. chemgreek info: "mapping-activated"
. 
. Activating mapping `default' on line 50.
.................................................
Package caption Info: Begin \AtBeginDocument code.
Package caption Info: float package is loaded.
Package caption Info: longtable package is loaded.

("C:\Program Files (x86)\MiKTeX 2.9\tex\latex\caption\ltcaption.sty"
Package: ltcaption 2013/06/09 v1.4-94 longtable captions (AR)
)
Package caption Info: End \AtBeginDocument code.

("C:\Program Files (x86)\MiKTeX 2.9\tex\latex\oberdiek\pdflscape.sty"
Package: pdflscape 2008/08/11 v0.10 Display of landscape pages in PDF (HO)

("C:\Program Files (x86)\MiKTeX 2.9\tex\latex\graphics\lscape.sty"
Package: lscape 2000/10/22 v3.01 Landscape Pages (DPC)
)
Package pdflscape Info: Auto-detected driver: pdftex on input line 80.
)
<VJTIM.jpg, id=343, 226.59656pt x 316.18124pt>
File: VJTIM.jpg Graphic file (type jpg)
 <use VJTIM.jpg>
Package pdftex.def Info: VJTIM.jpg used on input line 96.
(pdftex.def)             Requested size: 67.97948pt x 94.8551pt.
 [1


{C:/ProgramData/MiKTeX/2.9/pdftex/config/pdftex.map} <F:/APS2_4Sep/VJTIM.jpg>]
Missing character: There is no ‚ in font cmr10!
Missing character: There is no Ä in font cmr10!
Missing character: There is no ù in font cmr10!
Missing character: There is no ‚ in font cmr10!
Missing character: There is no Ä in font cmr10!
Missing character: There is no ù in font cmr10!
 [1


]
Missing character: There is no ‚ in font cmr10!
Missing character: There is no Ä in font cmr10!
Missing character: There is no ù in font cmr10!
Missing character: There is no ‚ in font cmr10!
Missing character: There is no Ä in font cmr10!
Missing character: There is no ù in font cmr10!
pdfTeX warning (ext4): destination with the same identifier (name{page.i}) has 
been already used, duplicate ignored
<to be read again> 
                   \relax 
l.178 \newpage
               [1] [2] (F:\APS2_4Sep\Acknowledgement/acknowledgement.tex
[3

]) (F:\APS2_4Sep\Abstract/abstract.tex [4


]) (F:\APS2_4Sep\draft_14Sep2016.toc
LaTeX Font Info:    Try loading font information for U+msa on input line 6.
("C:\Program Files (x86)\MiKTeX 2.9\tex\latex\amsfonts\umsa.fd"
File: umsa.fd 2013/01/14 v3.01 AMS symbols A
)
LaTeX Font Info:    Try loading font information for U+msb on input line 6.

("C:\Program Files (x86)\MiKTeX 2.9\tex\latex\amsfonts\umsb.fd"
File: umsb.fd 2013/01/14 v3.01 AMS symbols B
)
LaTeX Font Info:    Try loading font information for U+rsfs on input line 6.

("C:\Program Files (x86)\MiKTeX 2.9\tex\latex\jknappen\ursfs.fd"
File: ursfs.fd 1998/03/24 rsfs font definition file (jk)
) [5
\FN@pp@footnotehinttrue 


] [6])
\tf@toc=\write5
 [7] (F:\APS2_4Sep\draft_14Sep2016.lof
Missing character: There is no ‚ in font cmr10!
Missing character: There is no Ä in font cmr10!
Missing character: There is no ô in font cmr10!
)
\tf@lof=\write6
 [8

]
(F:\APS2_4Sep\draft_14Sep2016.lot)
\tf@lot=\write7
 [9

]
(F:\APS2_4Sep\Introduction/introduction.tex
Chapter 1.
pdfTeX warning (ext4): destination with the same identifier (name{page.1}) has 
been already used, duplicate ignored
<to be read again> 
                   \relax 
l.7 
     [1



]
LaTeX Font Info:    Try loading font information for OMS+cmr on input line 14.
 ("C:\Program Files (x86)\MiKTeX 2.9\tex\latex\base\omscmr.fd"
File: omscmr.fd 1999/05/25 v2.5h Standard LaTeX font definitions
)
LaTeX Font Info:    Font shape `OMS/cmr/m/n' in size <10.95> not available
(Font)              Font shape `OMS/cmsy/m/n' tried instead on input line 14.
)
[2] (F:\APS2_4Sep\Chapter1/chapter1.tex
Chapter 2.
[3



] [4]
Missing character: There is no ‚ in font cmr10!
Missing character: There is no Ä in font cmr10!
Missing character: There is no ú in font cmr10!
Missing character: There is no ‚ in font cmr10!
Missing character: There is no Ä in font cmr10!
Missing character: There is no ù in font cmr10!
Missing character: There is no ‚ in font cmr10!
Missing character: There is no Ä in font cmr10!
Missing character: There is no ô in font cmr10!
 [5]
Overfull \hbox (14.52118pt too wide) in paragraph at lines 43--43
[]\OT1/cmr/bx/n/12 Mining Time-Dependent In-flu-en-tial Users in Face-book Fans
 Group 
 []

Missing character: There is no ‚ in font cmr10!
Missing character: There is no Ä in font cmr10!
Missing character: There is no ô in font cmr10!
Missing character: There is no ‚ in font cmr10!
Missing character: There is no Ä in font cmr10!
Missing character: There is no ú in font cmr10!
Missing character: There is no ‚ in font cmr10!
Missing character: There is no Ä in font cmr10!
Missing character: There is no ù in font cmr10!
Missing character: There is no ‚ in font cmr10!
Missing character: There is no Ä in font cmr10!
Missing character: There is no ô in font cmr10!
Missing character: There is no ‚ in font cmr10!
Missing character: There is no Ä in font cmr10!
Missing character: There is no ¶ in font cmr10!
[6] <fignn.png, id=678, 417.56pt x 346.29375pt>
File: fignn.png Graphic file (type png)
 <use fignn.png>
Package pdftex.def Info: fignn.png used on input line 178.
(pdftex.def)             Requested size: 187.90025pt x 155.83073pt.
 [7]
Package hyperref Info: bookmark level for unknown algorithm defaults to 0 on in
put line 219.
 [8 <F:/APS2_4Sep/fignn.png>] [9] <figgbm.png, id=701, 517.935pt x 417.05812pt>
File: figgbm.png Graphic file (type png)

<use figgbm.png>
Package pdftex.def Info: figgbm.png used on input line 314.
(pdftex.def)             Requested size: 310.76338pt x 250.2368pt.


LaTeX Warning: `!h' float specifier changed to `!ht'.

Missing character: There is no ‚ in font cmr10!
Missing character: There is no Ä in font cmr10!
Missing character: There is no ô in font cmr10!
[10]
Overfull \hbox (41.7502pt too wide) in paragraph at lines 330--345
 [][] 
 []


LaTeX Warning: `!h' float specifier changed to `!ht'.

<figavg.png, id=706, 416.30531pt x 426.09187pt>
File: figavg.png Graphic file (type png)
 <use figavg.png>
Package pdftex.def Info: figavg.png used on input line 354.
(pdftex.def)             Requested size: 187.33565pt x 191.73956pt.
 [11 <F:/APS2_4Sep/figgbm.png>] [12 <F:/APS2_4Sep/figavg.png>]) [13]
(F:\APS2_4Sep\Chapter2/chapter2.tex
Chapter 3.
[14



] [15] [16] [17] [18] [19] <histdeg.png, id=784, 393.72093pt x 405.01312pt>
File: histdeg.png Graphic file (type png)

<use histdeg.png>
Package pdftex.def Info: histdeg.png used on input line 233.
(pdftex.def)             Requested size: 177.17278pt x 182.25421pt.
 [20]

LaTeX Warning: `!h' float specifier changed to `!ht'.


LaTeX Warning: `!h' float specifier changed to `!ht'.


LaTeX Warning: `!h' float specifier changed to `!ht'.


LaTeX Warning: `!h' float specifier changed to `!ht'.

[21 <F:/APS2_4Sep/histdeg.png>]

LaTeX Warning: `!h' float specifier changed to `!ht'.

[22]) [23] [24] (F:\APS2_4Sep\Chapter3/chapter3.tex
Chapter 4.
[25



] [26] [27] [28]
Missing character: There is no Œ in font cmr10!
Missing character: There is no º in font cmr10!
Missing character: There is no ‚ in font cmr10!
Missing character: There is no Ä in font cmr10!
Missing character: There is no è in font cmr10!
 [29] [30] [31] [32] [33]
<cure.png, id=919, 1027.84pt x 1027.84pt>
File: cure.png Graphic file (type png)
 <use cure.png>
Package pdftex.def Info: cure.png used on input line 299.
(pdftex.def)             Requested size: 206.28247pt x 206.27011pt.

<cluto.png, id=920, 1027.84pt x 1027.84pt>
File: cluto.png Graphic file (type png)
 <use cluto.png>
Package pdftex.def Info: cluto.png used on input line 300.
(pdftex.def)             Requested size: 206.28247pt x 206.27011pt.

<cure-km.png, id=921, 726.715pt x 478.78876pt>
File: cure-km.png Graphic file (type png)
 <use cure-km.png>
Package pdftex.def Info: cure-km.png used on input line 331.
(pdftex.def)             Requested size: 206.28247pt x 135.90828pt.

<cluto-km.png, id=922, 726.715pt x 478.78876pt>
File: cluto-km.png Graphic file (type png)
 <use cluto-km.png>
Package pdftex.def Info: cluto-km.png used on input line 332.
(pdftex.def)             Requested size: 206.28247pt x 135.90828pt.
 [34 <F:/APS2_4Sep/cure.png (PNG copy)> <F:/APS2_4Sep/cluto.png (PNG copy)>]
<cure-kpp.png, id=927, 726.715pt x 478.78876pt>
File: cure-kpp.png Graphic file (type png)
 <use cure-kpp.png>
Package pdftex.def Info: cure-kpp.png used on input line 340.
(pdftex.def)             Requested size: 206.28247pt x 135.90828pt.

<cluto-kpp.png, id=928, 726.715pt x 478.78876pt>
File: cluto-kpp.png Graphic file (type png)
 <use cluto-kpp.png>
Package pdftex.def Info: cluto-kpp.png used on input line 341.
(pdftex.def)             Requested size: 206.28247pt x 135.90828pt.

<cure-kkmeans.png, id=929, 416.30531pt x 415.5525pt>
File: cure-kkmeans.png Graphic file (type png)
 <use cure-kkmeans.png>
Package pdftex.def Info: cure-kkmeans.png used on input line 349.
(pdftex.def)             Requested size: 206.28247pt x 205.91153pt.

<cluto-kkm.png, id=930, 416.30531pt x 415.5525pt>
File: cluto-kkm.png Graphic file (type png)
 <use cluto-kkm.png>
Package pdftex.def Info: cluto-kkm.png used on input line 350.
(pdftex.def)             Requested size: 206.28247pt x 205.91153pt.
 [35 <F:/APS2_4Sep/cure-km.png> <F:/APS2_4Sep/cluto-km.png> <F:/APS2_4Sep/cure-
kpp.png> <F:/APS2_4Sep/cluto-kpp.png>]
<hclust-cure-sin.png, id=935, 416.30531pt x 415.5525pt>
File: hclust-cure-sin.png Graphic file (type png)

<use hclust-cure-sin.png>
Package pdftex.def Info: hclust-cure-sin.png used on input line 363.
(pdftex.def)             Requested size: 206.28247pt x 205.91153pt.

<hclust-cluto-sin.png, id=936, 416.30531pt x 415.5525pt>
File: hclust-cluto-sin.png Graphic file (type png)

<use hclust-cluto-sin.png>
Package pdftex.def Info: hclust-cluto-sin.png used on input line 364.
(pdftex.def)             Requested size: 206.28247pt x 205.91153pt.
 [36 <F:/APS2_4Sep/cure-kkmeans.png> <F:/APS2_4Sep/cluto-kkm.png>] <hclust-cure
-avg.png, id=941, 416.30531pt x 415.5525pt>
File: hclust-cure-avg.png Graphic file (type png)

<use hclust-cure-avg.png>
Package pdftex.def Info: hclust-cure-avg.png used on input line 372.
(pdftex.def)             Requested size: 206.28247pt x 205.91153pt.

<hclust-cluto-avg.png, id=942, 416.30531pt x 415.5525pt>
File: hclust-cluto-avg.png Graphic file (type png)

<use hclust-cluto-avg.png>
Package pdftex.def Info: hclust-cluto-avg.png used on input line 373.
(pdftex.def)             Requested size: 206.28247pt x 205.91153pt.

<hclust-cure-com.png, id=943, 416.30531pt x 415.5525pt>
File: hclust-cure-com.png Graphic file (type png)

<use hclust-cure-com.png>
Package pdftex.def Info: hclust-cure-com.png used on input line 381.
(pdftex.def)             Requested size: 206.28247pt x 205.91153pt.

<hclust-cluto-comp.png, id=944, 416.30531pt x 415.5525pt>
File: hclust-cluto-comp.png Graphic file (type png)

<use hclust-cluto-comp.png>
Package pdftex.def Info: hclust-cluto-comp.png used on input line 382.
(pdftex.def)             Requested size: 206.28247pt x 205.91153pt.
 [37 <F:/APS2_4Sep/hclust-cure-sin.png> <F:/APS2_4Sep/hclust-cluto-sin.png> <F:
/APS2_4Sep/hclust-cure-avg.png> <F:/APS2_4Sep/hclust-cluto-avg.png>] <hclust-cu
re-cen.png, id=949, 416.30531pt x 415.5525pt>
File: hclust-cure-cen.png Graphic file (type png)

<use hclust-cure-cen.png>
Package pdftex.def Info: hclust-cure-cen.png used on input line 391.
(pdftex.def)             Requested size: 206.28247pt x 205.91153pt.

<hclust-cluto-cent.png, id=950, 416.30531pt x 415.5525pt>
File: hclust-cluto-cent.png Graphic file (type png)

<use hclust-cluto-cent.png>
Package pdftex.def Info: hclust-cluto-cent.png used on input line 392.
(pdftex.def)             Requested size: 206.28247pt x 205.91153pt.

<hclust-cure-ward-d.png, id=951, 414.79968pt x 415.5525pt>
File: hclust-cure-ward-d.png Graphic file (type png)

<use hclust-cure-ward-d.png>
Package pdftex.def Info: hclust-cure-ward-d.png used on input line 400.
(pdftex.def)             Requested size: 206.28247pt x 206.65341pt.

<hclust-cluto-ward-d.png, id=952, 416.30531pt x 415.5525pt>
File: hclust-cluto-ward-d.png Graphic file (type png)

<use hclust-cluto-ward-d.png>
Package pdftex.def Info: hclust-cluto-ward-d.png used on input line 401.
(pdftex.def)             Requested size: 206.28247pt x 205.91153pt.
Missing character: There is no ‚ in font cmr10!
Missing character: There is no Ä in font cmr10!
Missing character: There is no ô in font cmr10!
Missing character: There is no ‚ in font cmr10!
Missing character: There is no Ä in font cmr10!
Missing character: There is no ô in font cmr10!
 [38 <F:/APS2_4Sep/hclust-cure-com.png> <F:/APS2_4Sep/hclust-cluto-comp.png> <F
:/APS2_4Sep/hclust-cure-cen.png> <F:/APS2_4Sep/hclust-cluto-cent.png>] <fuzzy-c
ure.png, id=958, 416.30531pt x 415.5525pt>
File: fuzzy-cure.png Graphic file (type png)

<use fuzzy-cure.png>
Package pdftex.def Info: fuzzy-cure.png used on input line 413.
(pdftex.def)             Requested size: 206.28247pt x 205.91153pt.
 <fuzzy-cluto.png, id=959, 416.30531pt x 415.5525pt>
File: fuzzy-cluto.png Graphic file (type png)

<use fuzzy-cluto.png>
Package pdftex.def Info: fuzzy-cluto.png used on input line 414.
(pdftex.def)             Requested size: 206.28247pt x 205.91153pt.
 [39 <F:/APS2_4Sep/hclust-cure-ward-d.png> <F:/APS2_4Sep/hclust-cluto-ward-d.pn
g>] <cure-em.png, id=964, 726.715pt x 478.78876pt>
File: cure-em.png Graphic file (type png)

<use cure-em.png>
Package pdftex.def Info: cure-em.png used on input line 426.
(pdftex.def)             Requested size: 206.28247pt x 135.90828pt.
 <cluto-em.png, id=965, 726.715pt x 478.78876pt>
File: cluto-em.png Graphic file (type png)

<use cluto-em.png>
Package pdftex.def Info: cluto-em.png used on input line 427.
(pdftex.def)             Requested size: 206.28247pt x 135.90828pt.
 [40 <F:/APS2_4Sep/fuzzy-cure.png> <F:/APS2_4Sep/fuzzy-cluto.png> <F:/APS2_4Sep
/cure-em.png> <F:/APS2_4Sep/cluto-em.png>]
<cure-dbs.png, id=970, 726.715pt x 478.78876pt>
File: cure-dbs.png Graphic file (type png)
 <use cure-dbs.png>
Package pdftex.def Info: cure-dbs.png used on input line 443.
(pdftex.def)             Requested size: 206.28247pt x 135.90828pt.

<cluto-dbs.png, id=971, 736.25063pt x 346.29375pt>
File: cluto-dbs.png Graphic file (type png)
 <use cluto-dbs.png>
Package pdftex.def Info: cluto-dbs.png used on input line 444.
(pdftex.def)             Requested size: 206.28247pt x 97.025pt.

<cure-optics.png, id=972, 416.30531pt x 415.5525pt>
File: cure-optics.png Graphic file (type png)
 <use cure-optics.png>
Package pdftex.def Info: cure-optics.png used on input line 453.
(pdftex.def)             Requested size: 206.28247pt x 205.91153pt.

<cluto-optics.png, id=973, 416.30531pt x 415.5525pt>
File: cluto-optics.png Graphic file (type png)
 <use cluto-optics.png>
Package pdftex.def Info: cluto-optics.png used on input line 454.
(pdftex.def)             Requested size: 206.28247pt x 205.91153pt.

[41 <F:/APS2_4Sep/cure-dbs.png> <F:/APS2_4Sep/cluto-dbs.png> <F:/APS2_4Sep/cure
-optics.png> <F:/APS2_4Sep/cluto-optics.png>]
<cure-ap.png, id=978, 416.30531pt x 415.5525pt>
File: cure-ap.png Graphic file (type png)
 <use cure-ap.png>
Package pdftex.def Info: cure-ap.png used on input line 469.
(pdftex.def)             Requested size: 165.02345pt x 164.72795pt.

<cluto-ap.png, id=979, 416.30531pt x 415.5525pt>
File: cluto-ap.png Graphic file (type png)
 <use cluto-ap.png>
Package pdftex.def Info: cluto-ap.png used on input line 470.
(pdftex.def)             Requested size: 165.02345pt x 164.72795pt.
File: cure-ap.png Graphic file (type png)

<use cure-ap.png>
Package pdftex.def Info: cure-ap.png used on input line 478.
(pdftex.def)             Requested size: 165.02345pt x 164.72795pt.
File: cluto-ap.png Graphic file (type png)
 <use cluto-ap.png>
Package pdftex.def Info: cluto-ap.png used on input line 479.
(pdftex.def)             Requested size: 165.02345pt x 164.72795pt.
 [42 <F:/APS2_4Sep/cure-ap.png> <F:/APS2_4Sep/cluto-ap.png>] <cure-spec.png, id
=984, 323.70938pt x 322.95656pt>
File: cure-spec.png Graphic file (type png)

<use cure-spec.png>
Package pdftex.def Info: cure-spec.png used on input line 495.
(pdftex.def)             Requested size: 129.48145pt x 129.18033pt.

Overfull \hbox (27.99689pt too wide) in paragraph at lines 507--532
 [][] 
 []

[43 <F:/APS2_4Sep/cure-spec.png>]) [44] (F:\APS2_4Sep\Chapter4/chapter4.tex
Chapter 5.
[45



] [46]
Overfull \hbox (16.21774pt too wide) in paragraph at lines 92--107
[]\OT1/cmr/m/n/10.95 Fuzzy clus-ter-ing (FCM) min-i-mizes the ob-jec-tive func-
tion given as $[][] [][] \OML/cmm/m/it/10.95 u[]\OT1/cmr/m/n/10.95 (\OML/cmm/m/
it/10.95 x[] \OMS/cmsy/m/n/10.95  $
 []

Missing character: There is no Ô in font cmr10!
Missing character: There is no ¨ in font cmr10!
Missing character: There is no Å in font cmr10!
[47] [48] <bap.PNG, id=1043, 337.26pt x 135.50626pt>
File: bap.PNG Graphic file (type png)
 <use bap.PNG>
Package pdftex.def Info: bap.PNG used on input line 190.
(pdftex.def)             Requested size: 168.62958pt x 67.75294pt.
 [49 <F:/APS2_4Sep/bap.PNG>]
Missing character: There is no ‚ in font cmr10!
Missing character: There is no à in font cmr10!
Missing character: There is no í in font cmr10!
 [50] <dataset.png, id=1060, 290.58563pt x 272.51813pt>
File: dataset.png Graphic file (type png)

<use dataset.png>
Package pdftex.def Info: dataset.png used on input line 326.
(pdftex.def)             Requested size: 145.29245pt x 136.25873pt.
 [51] [52 <F:/APS2_4Sep/dataset.png>] [53]
<infomap.png, id=1080, 290.58563pt x 272.51813pt>
File: infomap.png Graphic file (type png)
 <use infomap.png>
Package pdftex.def Info: infomap.png used on input line 492.
(pdftex.def)             Requested size: 123.77074pt x 116.0744pt.

<leadg.png, id=1081, 290.58563pt x 272.51813pt>
File: leadg.png Graphic file (type png)
 <use leadg.png>
Package pdftex.def Info: leadg.png used on input line 498.
(pdftex.def)             Requested size: 123.77074pt x 116.0744pt.
 [54]
<labelp.png, id=1086, 290.58563pt x 272.51813pt>
File: labelp.png Graphic file (type png)
 <use labelp.png>
Package pdftex.def Info: labelp.png used on input line 508.
(pdftex.def)             Requested size: 123.77074pt x 116.0744pt.

<walkt.png, id=1087, 270.25969pt x 264.99pt>
File: walkt.png Graphic file (type png)
 <use walkt.png>
Package pdftex.def Info: walkt.png used on input line 514.
(pdftex.def)             Requested size: 123.77074pt x 121.35506pt.

<sping.png, id=1088, 294.34969pt x 272.51813pt>
File: sping.png Graphic file (type png)
 <use sping.png>
Package pdftex.def Info: sping.png used on input line 523.
(pdftex.def)             Requested size: 123.77074pt x 114.58989pt.

<cliquep.png, id=1089, 292.09125pt x 272.51813pt>
File: cliquep.png Graphic file (type png)
 <use cliquep.png>
Package pdftex.def Info: cliquep.png used on input line 529.
(pdftex.def)             Requested size: 123.77074pt x 115.4756pt.
 [55 <F:/APS2_4Sep/infomap.png> <F:/APS2_4Sep/leadg.png> <F:/APS2_4Sep/labelp.p
ng> <F:/APS2_4Sep/walkt.png> <F:/APS2_4Sep/sping.png> <F:/APS2_4Sep/cliquep.png
>]
<bigc.png, id=1096, 440.39531pt x 303.38344pt>
File: bigc.png Graphic file (type png)
 <use bigc.png>
Package pdftex.def Info: bigc.png used on input line 559.
(pdftex.def)             Requested size: 132.1196pt x 91.01573pt.
) [56 <F:/APS2_4Sep/bigc.png>] (F:\APS2_4Sep\Conclusions/conclusions.tex
Chapter 6.
) [57



] (F:\APS2_4Sep\Publication/publication.tex
Chapter 7.
) [58



] (F:\APS2_4Sep\draft_14Sep2016.bbl (F:\APS2_4Sep\draft_14Sep2016.brf)
\tf@brf=\write8

[59


] [60] [61] [62])
Package atveryend Info: Empty hook `BeforeClearDocument' on input line 269.
 [63]
Package atveryend Info: Empty hook `AfterLastShipout' on input line 269.
 (F:\APS2_4Sep\draft_14Sep2016.aux
(F:\APS2_4Sep\Acknowledgement/acknowledgement.aux)
(F:\APS2_4Sep\Abstract/abstract.aux)
(F:\APS2_4Sep\Introduction/introduction.aux)
(F:\APS2_4Sep\Chapter1/chapter1.aux) (F:\APS2_4Sep\Chapter2/chapter2.aux)
(F:\APS2_4Sep\Chapter3/chapter3.aux) (F:\APS2_4Sep\Chapter4/chapter4.aux)
(F:\APS2_4Sep\Conclusions/conclusions.aux)
(F:\APS2_4Sep\Publication/publication.aux))
Package atveryend Info: Executing hook `AtVeryEndDocument' on input line 269.
Package atveryend Info: Executing hook `AtEndAfterFileList' on input line 269.
Package rerunfilecheck Info: File `draft_14Sep2016.out' has not changed.
(rerunfilecheck)             Checksum: AFFCE97C5DD94A725282D975D04B5A84;7221.
Package rerunfilecheck Info: File `draft_14Sep2016.brf' has not changed.
(rerunfilecheck)             Checksum: FF8134447251C550842908A0B148AE88;5954.


LaTeX Warning: There were multiply-defined labels.

Package atveryend Info: Empty hook `AtVeryVeryEnd' on input line 269.
 ) 
Here is how much of TeX's memory you used:
 21315 strings out of 493706
 370783 string characters out of 3142171
 477724 words of memory out of 3000000
 23941 multiletter control sequences out of 15000+200000
 539410 words of font info for 56 fonts, out of 3000000 for 9000
 1025 hyphenation exceptions out of 8191
 39i,16n,50p,10376b,567s stack positions out of 5000i,500n,10000p,200000b,50000s
<C:/Program Files (x86)/MiKTeX 2.9/fonts/type1/public/amsfonts/cm/cmbx10.pfb>
<C:/Program Files (x86)/MiKTeX 2.9/fonts/type1/public/amsfonts/cm/cmbx12.pfb><C
:/Program Files (x86)/MiKTeX 2.9/fonts/type1/public/amsfonts/cm/cmex10.pfb><C:/
Program Files (x86)/MiKTeX 2.9/fonts/type1/public/amsfonts/cm/cmmi10.pfb><C:/Pr
ogram Files (x86)/MiKTeX 2.9/fonts/type1/public/amsfonts/cm/cmmi6.pfb><C:/Progr
am Files (x86)/MiKTeX 2.9/fonts/type1/public/amsfonts/cm/cmmi8.pfb><C:/Program 
Files (x86)/MiKTeX 2.9/fonts/type1/public/amsfonts/cm/cmr10.pfb><C:/Program Fil
es (x86)/MiKTeX 2.9/fonts/type1/public/amsfonts/cm/cmr12.pfb><C:/Program Files 
(x86)/MiKTeX 2.9/fonts/type1/public/amsfonts/cm/cmr17.pfb><C:/Program Files (x8
6)/MiKTeX 2.9/fonts/type1/public/amsfonts/cm/cmr6.pfb><C:/Program Files (x86)/M
iKTeX 2.9/fonts/type1/public/amsfonts/cm/cmr8.pfb><C:/Program Files (x86)/MiKTe
X 2.9/fonts/type1/public/amsfonts/cm/cmr9.pfb><C:/Program Files (x86)/MiKTeX 2.
9/fonts/type1/public/amsfonts/cm/cmsy10.pfb><C:/Program Files (x86)/MiKTeX 2.9/
fonts/type1/public/amsfonts/cm/cmsy6.pfb><C:/Program Files (x86)/MiKTeX 2.9/fon
ts/type1/public/amsfonts/cm/cmsy8.pfb><C:/Program Files (x86)/MiKTeX 2.9/fonts/
type1/public/amsfonts/cm/cmti10.pfb>
Output written on draft_14Sep2016.pdf (74 pages, 2335304 bytes).
PDF statistics:
 1347 PDF objects out of 1440 (max. 8388607)
 305 named destinations out of 1000 (max. 500000)
 896 words of extra memory for PDF output out of 10000 (max. 10000000)

